<?xml version="1.0" encoding="UTF-8"?>
<testsuite xmlns:xsi="http://www.w3.org/2001/XMLSchema-instance" xsi:noNamespaceSchemaLocation="https://maven.apache.org/surefire/maven-surefire-plugin/xsd/surefire-test-report-3.0.xsd" version="3.0" name="com.mycompany.billeteravirtual.AlfiWalletTest" time="0.033" tests="2" errors="0" skipped="0" failures="0">
  <properties>
[...]
</properties>
  <testcase name="testDepositar" classname="com.mycompany.billeteravirtual.AlfiWalletTest" time="0.016">
    <system-out><![CDATA[depositar
Monto depositado: $ 10.0
El deposito debe ser mayor a 0
]]></system-out>
  </testcase>
  <testcase name="testRetirar" classname="com.mycompany.billeteravirtual.AlfiWalletTest" time="0.001">
    <system-out><![CDATA[Monto depositado: $ 200.0
retirar
restando......$100.0
Nuevo Saldo...$100.0
]]></system-out>
  </testcase>
</testsuite>